<?xml version="1.0" encoding="UTF-8"?>
<!-- Generated by org.testng.reporters.JUnitReportReporter -->
<testsuite hostname="LAPTOP-UTT77311" failures="0" tests="1" name="testautomation.Register" time="36.693" errors="0" timestamp="2023-03-05T18:33:45 IST" skipped="0">
  <testcase classname="testautomation.Register" name="openapp" time="36.693"/>
  <system-out/>
</testsuite> <!-- testautomation.Register -->
