<?xml version="1.0" encoding="UTF-8"?>
<!-- Generated by org.testng.reporters.JUnitReportReporter -->
<testsuite hostname="LAPTOP-UTT77311" failures="0" tests="1" name="testautomation.Login" time="35.277" errors="0" timestamp="2023-03-05T18:31:36 IST" skipped="0">
  <testcase classname="testautomation.Login" name="log" time="35.277"/>
  <system-out/>
</testsuite> <!-- testautomation.Login -->
