<?xml version="1.0" encoding="UTF-8"?>
<!-- Generated by org.testng.reporters.JUnitReportReporter -->
<testsuite hostname="LAPTOP-UTT77311" failures="0" tests="1" name="testautomation.Createnew" time="52.677" errors="0" timestamp="2023-03-05T18:29:23 IST" skipped="0">
  <testcase classname="testautomation.Createnew" name="log" time="52.677"/>
  <system-out/>
</testsuite> <!-- testautomation.Createnew -->
