<?xml version="1.0" encoding="UTF-8"?>
<!-- Generated by org.testng.reporters.JUnitReportReporter -->
<testsuite hostname="LAPTOP-UTT77311" failures="0" tests="1" name="testautomation.Dropdownbox" time="20.885" errors="0" timestamp="2023-03-05T18:30:52 IST" skipped="0">
  <testcase classname="testautomation.Dropdownbox" name="log" time="20.885"/>
  <system-out/>
</testsuite> <!-- testautomation.Dropdownbox -->
