<?xml version="1.0" encoding="UTF-8"?>
<!-- Generated by org.testng.reporters.JUnitReportReporter -->
<testsuite hostname="LAPTOP-UTT77311" failures="0" tests="1" name="testautomation.Testautomation" time="69.825" errors="0" timestamp="2023-03-05T18:35:23 IST" skipped="0">
  <testcase classname="testautomation.Testautomation" name="log" time="69.825"/>
  <system-out/>
</testsuite> <!-- testautomation.Testautomation -->
