<?xml version="1.0" encoding="UTF-8"?>
<!-- Generated by org.testng.reporters.JUnitReportReporter -->
<testsuite hostname="LAPTOP-UTT77311" failures="0" tests="1" name="testautomation.Testrightclick" time="12.239" errors="0" timestamp="2023-03-05T18:35:44 IST" skipped="0">
  <testcase classname="testautomation.Testrightclick" name="click" time="12.239"/>
  <system-out/>
</testsuite> <!-- testautomation.Testrightclick -->
